<?xml version="1.0" encoding="UTF-8"?>
<testsuite name="ru.hse.java.util.DictionaryImplTest" tests="1" skipped="0" failures="0" errors="0" timestamp="2021-02-22T19:19:04" hostname="TheBest.local" time="2.972">
  <properties/>
  <testcase name="testStressValues()" classname="ru.hse.java.util.DictionaryImplTest" time="2.972"/>
  <system-out><![CDATA[]]></system-out>
  <system-err><![CDATA[]]></system-err>
</testsuite>
