<?xml version="1.0" encoding="UTF-8"?>
<testsuite name="ru.hse.java.streams.SecondPartTasksTest" tests="4" skipped="0" failures="0" errors="0" timestamp="2021-03-15T01:01:10" hostname="TheBest.local" time="0.043">
  <properties/>
  <testcase name="testPiDividedBy4()" classname="ru.hse.java.streams.SecondPartTasksTest" time="0.032"/>
  <testcase name="testFindQuotes()" classname="ru.hse.java.streams.SecondPartTasksTest" time="0.005"/>
  <testcase name="testFindPrinter()" classname="ru.hse.java.streams.SecondPartTasksTest" time="0.003"/>
  <testcase name="testCalculateGlobalOrder()" classname="ru.hse.java.streams.SecondPartTasksTest" time="0.002"/>
  <system-out><![CDATA[]]></system-out>
  <system-err><![CDATA[]]></system-err>
</testsuite>
